{"target": 0.921548695851519, "params": {"bagging_temperature": 0.5335222790311531, "border_count": 98.58840455944218, "depth": 4.0431018958980465, "l2_leaf_reg": 24.608860019093242, "random_strength": 7.162748866020879}, "datetime": {"datetime": "2019-04-07 07:29:20", "elapsed": 18100.648091, "delta": 256.198925}}
{"target": 0.920321382360611, "params": {"bagging_temperature": 0.3327104044783605, "border_count": 114.36872635645483, "depth": 4.703194147783924, "l2_leaf_reg": 96.54239825391326, "random_strength": 10.427647255851596}, "datetime": {"datetime": "2019-04-07 07:32:37", "elapsed": 18297.874941, "delta": 197.22685}}
{"target": 0.9201046349598236, "params": {"bagging_temperature": 0.2187027057127584, "border_count": 74.46978901322709, "depth": 2.2557997798466722, "l2_leaf_reg": 41.75198727753519, "random_strength": 11.92301605105149}, "datetime": {"datetime": "2019-04-07 07:38:21", "elapsed": 18641.514736, "delta": 343.639795}}
{"target": 0.9205802735530285, "params": {"bagging_temperature": 0.18442902173408998, "border_count": 115.37746006448894, "depth": 4.459087938779291, "l2_leaf_reg": 55.441547779766374, "random_strength": 18.59607674236585}, "datetime": {"datetime": "2019-04-07 07:41:57", "elapsed": 18858.004779, "delta": 216.490043}}
{"target": 0.9197271936133905, "params": {"bagging_temperature": 0.47261666647019496, "border_count": 32.774175623892745, "depth": 4.862601489896224, "l2_leaf_reg": 62.370424969519355, "random_strength": 11.036802548960571}, "datetime": {"datetime": "2019-04-07 07:44:30", "elapsed": 19010.55597, "delta": 152.551191}}
{"target": 0.9205133246556942, "params": {"bagging_temperature": 0.6547806753330428, "border_count": 49.4912996169934, "depth": 4.420690500899461, "l2_leaf_reg": 0.805488577129065, "random_strength": 19.902344749148646}, "datetime": {"datetime": "2019-04-07 07:47:50", "elapsed": 19211.075305, "delta": 200.519335}}
{"target": 0.9207253986307693, "params": {"bagging_temperature": 0.4340604568691664, "border_count": 127.99115116138972, "depth": 4.926522012740319, "l2_leaf_reg": 37.24563558642456, "random_strength": 2.311504395688575}, "datetime": {"datetime": "2019-04-07 07:51:44", "elapsed": 19445.194726, "delta": 234.119421}}
{"target": 0.9195541109415957, "params": {"bagging_temperature": 1.83978914272198, "border_count": 68.57966062104161, "depth": 4.5202782044058125, "l2_leaf_reg": 1.002839536452212, "random_strength": 3.7674620977948914}, "datetime": {"datetime": "2019-04-07 07:55:21", "elapsed": 19661.885855, "delta": 216.691129}}
{"target": 0.9209178663405777, "params": {"bagging_temperature": 0.6563790728054207, "border_count": 88.92308745585927, "depth": 2.8494829785792675, "l2_leaf_reg": 74.16280098319324, "random_strength": 19.466267051394375}, "datetime": {"datetime": "2019-04-07 08:01:08", "elapsed": 20008.952531, "delta": 347.066676}}
{"target": 0.9194873556181076, "params": {"bagging_temperature": 0.6438498548137667, "border_count": 32.56951412527827, "depth": 2.2043759984029734, "l2_leaf_reg": 18.203616080864553, "random_strength": 19.748029745647706}, "datetime": {"datetime": "2019-04-07 08:05:06", "elapsed": 20246.535103, "delta": 237.582572}}
{"target": 0.9199629112510926, "params": {"bagging_temperature": 0.13348842331260605, "border_count": 32.12041997505584, "depth": 4.541421801642523, "l2_leaf_reg": 21.161696120225255, "random_strength": 1.5632295011123554}, "datetime": {"datetime": "2019-04-07 08:07:56", "elapsed": 20416.974329, "delta": 170.439226}}
{"target": 0.9207552366564709, "params": {"bagging_temperature": 0.23856452697463482, "border_count": 125.51958893004071, "depth": 4.697000819412763, "l2_leaf_reg": 9.078172213058478, "random_strength": 3.619094635343818}, "datetime": {"datetime": "2019-04-07 08:12:33", "elapsed": 20693.71938, "delta": 276.745051}}
{"target": 0.9195165023086447, "params": {"bagging_temperature": 0.15542559861367133, "border_count": 118.49229672061162, "depth": 2.0638439721938546, "l2_leaf_reg": 69.09031113870371, "random_strength": 8.054896631816039}, "datetime": {"datetime": "2019-04-07 08:17:14", "elapsed": 20974.638534, "delta": 280.919154}}
{"target": 0.9091944258475285, "params": {"bagging_temperature": 10.315399133876486, "border_count": 59.270917666424566, "depth": 4.601093161769791, "l2_leaf_reg": 60.30457033896241, "random_strength": 12.27423664717507}, "datetime": {"datetime": "2019-04-07 08:22:56", "elapsed": 21316.713351, "delta": 342.074817}}
{"target": 0.9206996256558352, "params": {"bagging_temperature": 0.1, "border_count": 107.91586299837762, "depth": 5.0, "l2_leaf_reg": 0.5000001815758219, "random_strength": 20.0}, "datetime": {"datetime": "2019-04-07 08:26:32", "elapsed": 21532.395758, "delta": 215.682407}}
{"target": 0.9107851604077328, "params": {"bagging_temperature": 6.613383720722821, "border_count": 76.57406494533387, "depth": 4.922640092462112, "l2_leaf_reg": 35.57638026171775, "random_strength": 1.086748630592762}, "datetime": {"datetime": "2019-04-07 08:32:49", "elapsed": 21909.567607, "delta": 377.171849}}
{"target": 0.9190238015635789, "params": {"bagging_temperature": 0.21269276569153456, "border_count": 38.25742115508551, "depth": 2.1949463776431513, "l2_leaf_reg": 98.6056453058409, "random_strength": 17.955737718676218}, "datetime": {"datetime": "2019-04-07 08:36:47", "elapsed": 22148.148108, "delta": 238.580501}}
{"target": 0.919731120397125, "params": {"bagging_temperature": 0.20417071339248938, "border_count": 81.35478558308486, "depth": 2.0318351933704446, "l2_leaf_reg": 23.59889220530353, "random_strength": 19.61423748349651}, "datetime": {"datetime": "2019-04-07 08:41:34", "elapsed": 22434.467013, "delta": 286.318905}}
{"target": 0.9058708735241031, "params": {"bagging_temperature": 10.065817212739935, "border_count": 52.95929937298426, "depth": 2.063230268755198, "l2_leaf_reg": 99.48859346842852, "random_strength": 0.5311587630018577}, "datetime": {"datetime": "2019-04-07 08:46:05", "elapsed": 22706.179783, "delta": 271.71277}}
{"target": 0.9198038212030283, "params": {"bagging_temperature": 0.1477716857241113, "border_count": 33.04733263795056, "depth": 3.3961879276264684, "l2_leaf_reg": 89.56922212239648, "random_strength": 13.781596996578337}, "datetime": {"datetime": "2019-04-07 08:49:38", "elapsed": 22918.549722, "delta": 212.369939}}
{"target": 0.9071903005123346, "params": {"bagging_temperature": 8.189840780154691, "border_count": 60.07517143714568, "depth": 2.7739415882986647, "l2_leaf_reg": 48.7786997713918, "random_strength": 0.14439623886102204}, "datetime": {"datetime": "2019-04-07 08:54:07", "elapsed": 23187.590832, "delta": 269.04111}}
{"target": 0.5041987826417355, "params": {"bagging_temperature": 99.75623154251883, "border_count": 61.26362646726193, "depth": 4.810262340323121, "l2_leaf_reg": 99.8268321733052, "random_strength": 1.5013872075726797}, "datetime": {"datetime": "2019-04-07 08:54:20", "elapsed": 23201.061273, "delta": 13.470441}}
{"target": 0.9211271749749945, "params": {"bagging_temperature": 0.22757237515003137, "border_count": 82.38610672132093, "depth": 3.471948964925469, "l2_leaf_reg": 72.56990995197366, "random_strength": 0.01661410643278849}, "datetime": {"datetime": "2019-04-07 08:59:10", "elapsed": 23491.142104, "delta": 290.080831}}
{"target": 0.9200969196593874, "params": {"bagging_temperature": 0.3232406485055809, "border_count": 53.79094336974442, "depth": 4.883371543876056, "l2_leaf_reg": 16.172468890234157, "random_strength": 1.4581822151382018}, "datetime": {"datetime": "2019-04-07 09:02:08", "elapsed": 23668.989347, "delta": 177.847243}}
{"target": 0.9199721751422975, "params": {"bagging_temperature": 0.39526802997845156, "border_count": 127.58706540829257, "depth": 2.4780848108066067, "l2_leaf_reg": 15.214541357495328, "random_strength": 8.869134731980626}, "datetime": {"datetime": "2019-04-07 09:06:54", "elapsed": 23954.908973, "delta": 285.919626}}
{"target": 0.9069684648847365, "params": {"bagging_temperature": 13.912939292561568, "border_count": 126.77774950553516, "depth": 3.7755785675859244, "l2_leaf_reg": 0.8692582626500546, "random_strength": 19.594249874311977}, "datetime": {"datetime": "2019-04-07 09:13:22", "elapsed": 24342.438592, "delta": 387.529619}}
{"target": 0.9212519747988975, "params": {"bagging_temperature": 0.11342734724770992, "border_count": 93.37588138846542, "depth": 4.575027125456467, "l2_leaf_reg": 66.26762551409148, "random_strength": 11.765352653409352}, "datetime": {"datetime": "2019-04-07 09:17:50", "elapsed": 24611.097962, "delta": 268.65937}}
{"target": 0.9203255856784113, "params": {"bagging_temperature": 0.6533813605061308, "border_count": 52.55280057724719, "depth": 4.5551697391259935, "l2_leaf_reg": 84.84034987768476, "random_strength": 0.4227060239506142}, "datetime": {"datetime": "2019-04-07 09:21:24", "elapsed": 24825.160381, "delta": 214.062419}}
{"target": 0.921195755423317, "params": {"bagging_temperature": 0.19673372719976373, "border_count": 105.97875553424315, "depth": 4.97382041026192, "l2_leaf_reg": 30.650746343647075, "random_strength": 0.02248223209624367}, "datetime": {"datetime": "2019-04-07 09:26:03", "elapsed": 25103.666582, "delta": 278.506201}}
{"target": 0.9193652105212363, "params": {"bagging_temperature": 1.1401327358637228, "border_count": 32.02403734488911, "depth": 4.564424464607641, "l2_leaf_reg": 41.69959671872521, "random_strength": 10.990006655034756}, "datetime": {"datetime": "2019-04-07 09:28:37", "elapsed": 25257.812055, "delta": 154.145473}}
{"target": 0.9206461163140995, "params": {"bagging_temperature": 0.3751940326427201, "border_count": 85.02210620450347, "depth": 2.608634525021507, "l2_leaf_reg": 50.31358430039943, "random_strength": 19.886845539059582}, "datetime": {"datetime": "2019-04-07 09:34:24", "elapsed": 25605.124189, "delta": 347.312134}}
{"target": 0.9206940949745187, "params": {"bagging_temperature": 0.1851527296140379, "border_count": 127.95064639521937, "depth": 3.082103794761713, "l2_leaf_reg": 68.90542427691116, "random_strength": 19.648919440180286}, "datetime": {"datetime": "2019-04-07 09:39:37", "elapsed": 25918.084478, "delta": 312.960289}}
{"target": 0.9207277768237352, "params": {"bagging_temperature": 0.30536811766997685, "border_count": 91.20866864474668, "depth": 4.840177686007104, "l2_leaf_reg": 87.70157104571669, "random_strength": 19.14391548125301}, "datetime": {"datetime": "2019-04-07 09:43:04", "elapsed": 26125.331173, "delta": 207.246695}}
{"target": 0.9212435128564836, "params": {"bagging_temperature": 0.7493126886314712, "border_count": 87.97021470694138, "depth": 4.563749042256135, "l2_leaf_reg": 98.25449345807918, "random_strength": 1.557741846057683}, "datetime": {"datetime": "2019-04-07 09:47:44", "elapsed": 26404.980914, "delta": 279.649741}}
{"target": 0.9212427938679124, "params": {"bagging_temperature": 0.1692106856705791, "border_count": 92.17871985215649, "depth": 4.044929158795954, "l2_leaf_reg": 36.84423706709723, "random_strength": 19.657249971419663}, "datetime": {"datetime": "2019-04-07 09:52:13", "elapsed": 26674.179044, "delta": 269.19813}}
{"target": 0.9208727636344429, "params": {"bagging_temperature": 0.22149107772389348, "border_count": 114.97151038016534, "depth": 4.50771072255724, "l2_leaf_reg": 93.46651473371276, "random_strength": 19.906484428742473}, "datetime": {"datetime": "2019-04-07 09:57:32", "elapsed": 26992.719488, "delta": 318.540444}}
{"target": 0.9202881153124932, "params": {"bagging_temperature": 0.3223123593406255, "border_count": 63.03501636043093, "depth": 2.4424048668463803, "l2_leaf_reg": 30.506578534059223, "random_strength": 12.637717609250526}, "datetime": {"datetime": "2019-04-07 10:02:16", "elapsed": 27277.034956, "delta": 284.315468}}
