{"target": 0.9205961189549999, "params": {"bagging_temperature": 1.0, "border_count": 128.0, "depth": 3.0, "l2_leaf_reg": 3.0, "random_strength": 1.0}, "datetime": {"datetime": "2019-04-07 02:27:39", "elapsed": 0.0, "delta": 0.0}}
{"target": 0.5041987826417355, "params": {"bagging_temperature": 37.516557872851514, "border_count": 123.26857341535195, "depth": 4.195981825434215, "l2_leaf_reg": 60.066519177605144, "random_strength": 3.1203728088487304}, "datetime": {"datetime": "2019-04-07 02:27:50", "elapsed": 10.780319, "delta": 10.780319}}
{"target": 0.9053165886425798, "params": {"bagging_temperature": 15.683852581586645, "border_count": 37.576026768147145, "depth": 4.598528437324806, "l2_leaf_reg": 60.310943668449276, "random_strength": 14.161451555920909}, "datetime": {"datetime": "2019-04-07 02:33:44", "elapsed": 364.508236, "delta": 353.727917}}
{"target": 0.9193897667462809, "params": {"bagging_temperature": 2.1563909801506647, "border_count": 125.11134580755146, "depth": 4.497327922401265, "l2_leaf_reg": 21.627741512488477, "random_strength": 3.6364993441420124}, "datetime": {"datetime": "2019-04-07 02:38:32", "elapsed": 653.095849, "delta": 288.587613}}
{"target": 0.9042989432803743, "params": {"bagging_temperature": 18.42211053435804, "border_count": 61.20725532411562, "depth": 3.5742692948967134, "l2_leaf_reg": 43.47852935489052, "random_strength": 5.824582803960839}, "datetime": {"datetime": "2019-04-07 02:43:41", "elapsed": 961.506418, "delta": 308.410569}}
{"target": 0.5041987826417355, "params": {"bagging_temperature": 61.224104182765714, "border_count": 45.39141062259601, "depth": 2.8764339456056547, "l2_leaf_reg": 36.95300340772233, "random_strength": 9.12139968434072}, "datetime": {"datetime": "2019-04-07 02:43:49", "elapsed": 970.037504, "delta": 8.531086}}
{"target": 0.5041987826417355, "params": {"bagging_temperature": 78.53907854316206, "border_count": 51.16868308720254, "depth": 3.5427033152408347, "l2_leaf_reg": 59.44524960177323, "random_strength": 0.9290082543999545}, "datetime": {"datetime": "2019-04-07 02:43:58", "elapsed": 978.625856, "delta": 8.588352}}
{"target": 0.5041987826417355, "params": {"bagging_temperature": 60.793730704953695, "border_count": 48.37031587397999, "depth": 2.1951547789558385, "l2_leaf_reg": 94.91411095670665, "random_strength": 19.312640661491187}, "datetime": {"datetime": "2019-04-07 02:44:06", "elapsed": 987.237446, "delta": 8.61159}}
{"target": 0.5041987826417355, "params": {"bagging_temperature": 80.85889507683447, "border_count": 61.24292184064359, "depth": 2.2930163420191514, "l2_leaf_reg": 68.5811861379596, "random_strength": 8.803049874792027}, "datetime": {"datetime": "2019-04-07 02:44:15", "elapsed": 995.94653, "delta": 8.709084}}
{"target": 0.9051278817960666, "params": {"bagging_temperature": 12.291619660993405, "border_count": 79.53698337068194, "depth": 2.103165563345655, "l2_leaf_reg": 90.97738000683881, "random_strength": 5.175599632000338}, "datetime": {"datetime": "2019-04-07 02:49:49", "elapsed": 1330.099104, "delta": 334.152574}}
{"target": 0.5041987826417355, "params": {"bagging_temperature": 66.2859762069628, "border_count": 61.92426330458345, "depth": 3.5602040635334324, "l2_leaf_reg": 54.89767279465632, "random_strength": 3.697089110510541}, "datetime": {"datetime": "2019-04-07 02:49:58", "elapsed": 1338.729937, "delta": 8.630833}}
{"target": 0.9198178414801652, "params": {"bagging_temperature": 0.1, "border_count": 32.0, "depth": 5.0, "l2_leaf_reg": 0.5, "random_strength": 0.0}, "datetime": {"datetime": "2019-04-07 02:52:28", "elapsed": 1488.382164, "delta": 149.652227}}
{"target": 0.9188215168944338, "params": {"bagging_temperature": 0.1, "border_count": 32.0, "depth": 2.0, "l2_leaf_reg": 100.0, "random_strength": 0.0}, "datetime": {"datetime": "2019-04-07 02:56:19", "elapsed": 1719.764038, "delta": 231.381874}}
{"target": 0.9210856395583088, "params": {"bagging_temperature": 0.1, "border_count": 81.62551315368349, "depth": 5.0, "l2_leaf_reg": 0.5, "random_strength": 20.0}, "datetime": {"datetime": "2019-04-07 02:59:52", "elapsed": 1932.455725, "delta": 212.691687}}
{"target": 0.9197861506762226, "params": {"bagging_temperature": 0.1, "border_count": 70.51365747111669, "depth": 2.0, "l2_leaf_reg": 61.62982602367621, "random_strength": 20.0}, "datetime": {"datetime": "2019-04-07 03:05:34", "elapsed": 2274.668579, "delta": 342.212854}}
{"target": 0.9206723870503523, "params": {"bagging_temperature": 0.1, "border_count": 128.0, "depth": 5.0, "l2_leaf_reg": 100.0, "random_strength": 0.0}, "datetime": {"datetime": "2019-04-07 03:09:47", "elapsed": 2527.814558, "delta": 253.145979}}
{"target": 0.918905140795937, "params": {"bagging_temperature": 0.1, "border_count": 32.0, "depth": 2.0, "l2_leaf_reg": 48.60371137221919, "random_strength": 0.0}, "datetime": {"datetime": "2019-04-07 03:13:51", "elapsed": 2771.565858, "delta": 243.7513}}
{"target": 0.5041987826417355, "params": {"bagging_temperature": 100.0, "border_count": 128.0, "depth": 5.0, "l2_leaf_reg": 100.0, "random_strength": 0.0}, "datetime": {"datetime": "2019-04-07 03:14:07", "elapsed": 2787.610928, "delta": 16.04507}}
{"target": 0.5041987826417355, "params": {"bagging_temperature": 100.0, "border_count": 128.0, "depth": 5.0, "l2_leaf_reg": 0.5, "random_strength": 0.0}, "datetime": {"datetime": "2019-04-07 03:14:23", "elapsed": 2803.547734, "delta": 15.936806}}
{"target": 0.9211076793233544, "params": {"bagging_temperature": 0.1, "border_count": 83.45220507385349, "depth": 5.0, "l2_leaf_reg": 14.23940908140586, "random_strength": 0.0}, "datetime": {"datetime": "2019-04-07 03:18:01", "elapsed": 3021.974748, "delta": 218.427014}}
{"target": 0.9201043860791646, "params": {"bagging_temperature": 0.1, "border_count": 32.0, "depth": 5.0, "l2_leaf_reg": 0.5, "random_strength": 20.0}, "datetime": {"datetime": "2019-04-07 03:20:58", "elapsed": 3198.822524, "delta": 176.847776}}
{"target": 0.9207623159285557, "params": {"bagging_temperature": 0.1, "border_count": 69.12259897172937, "depth": 5.0, "l2_leaf_reg": 100.0, "random_strength": 0.0}, "datetime": {"datetime": "2019-04-07 03:24:52", "elapsed": 3433.164388, "delta": 234.341864}}
{"target": 0.9197987882830302, "params": {"bagging_temperature": 0.1, "border_count": 128.0, "depth": 2.0, "l2_leaf_reg": 100.0, "random_strength": 20.0}, "datetime": {"datetime": "2019-04-07 03:30:40", "elapsed": 3780.754273, "delta": 347.589885}}
{"target": 0.9203780718441033, "params": {"bagging_temperature": 0.10000000000000142, "border_count": 128.0, "depth": 5.0, "l2_leaf_reg": 0.5, "random_strength": 20.0}, "datetime": {"datetime": "2019-04-07 03:34:17", "elapsed": 3997.87159, "delta": 217.117317}}
{"target": 0.920245363145918, "params": {"bagging_temperature": 0.1, "border_count": 101.71942770895724, "depth": 2.0, "l2_leaf_reg": 68.19269728893995, "random_strength": 0.0}, "datetime": {"datetime": "2019-04-07 03:40:06", "elapsed": 4347.142747, "delta": 349.271157}}
{"target": 0.9201283615826708, "params": {"bagging_temperature": 0.1, "border_count": 32.0, "depth": 5.0, "l2_leaf_reg": 100.0, "random_strength": 20.0}, "datetime": {"datetime": "2019-04-07 03:42:55", "elapsed": 4515.521227, "delta": 168.37848}}
{"target": 0.920144815359587, "params": {"bagging_temperature": 0.1, "border_count": 56.82994193056398, "depth": 5.0, "l2_leaf_reg": 67.62773920675592, "random_strength": 0.0}, "datetime": {"datetime": "2019-04-07 03:45:45", "elapsed": 4685.726026, "delta": 170.204799}}
{"target": 0.9210258252398725, "params": {"bagging_temperature": 0.1, "border_count": 97.81532024593018, "depth": 5.0, "l2_leaf_reg": 100.0, "random_strength": 20.0}, "datetime": {"datetime": "2019-04-07 03:49:34", "elapsed": 4915.067785, "delta": 229.341759}}
{"target": 0.9202948903971057, "params": {"bagging_temperature": 0.1, "border_count": 50.19651133319062, "depth": 5.0, "l2_leaf_reg": 27.288753802190527, "random_strength": 20.0}, "datetime": {"datetime": "2019-04-07 03:52:41", "elapsed": 5101.775614, "delta": 186.707829}}
{"target": 0.9201005422556496, "params": {"bagging_temperature": 0.1, "border_count": 128.0, "depth": 2.0, "l2_leaf_reg": 48.63728619987543, "random_strength": 20.0}, "datetime": {"datetime": "2019-04-07 03:58:38", "elapsed": 5458.417066, "delta": 356.641452}}
{"target": 0.9049027554130851, "params": {"bagging_temperature": 11.585951281209935, "border_count": 57.75204716022663, "depth": 2.0, "l2_leaf_reg": 0.5, "random_strength": 0.0}, "datetime": {"datetime": "2019-04-07 04:02:46", "elapsed": 5706.599469, "delta": 248.182403}}
{"target": 0.9195916366143269, "params": {"bagging_temperature": 0.1, "border_count": 105.38154975696345, "depth": 2.0, "l2_leaf_reg": 25.48491645735329, "random_strength": 20.0}, "datetime": {"datetime": "2019-04-07 04:07:34", "elapsed": 5994.950566, "delta": 288.351097}}
{"target": 0.920145866189037, "params": {"bagging_temperature": 0.1, "border_count": 100.2386611011469, "depth": 2.0, "l2_leaf_reg": 100.0, "random_strength": 0.0}, "datetime": {"datetime": "2019-04-07 04:13:27", "elapsed": 6347.910967, "delta": 352.960401}}
{"target": 0.9192974873285179, "params": {"bagging_temperature": 0.1, "border_count": 68.36843147691094, "depth": 2.0, "l2_leaf_reg": 99.96606184562103, "random_strength": 20.0}, "datetime": {"datetime": "2019-04-07 04:18:21", "elapsed": 6641.435548, "delta": 293.524581}}
{"target": 0.9187395798507324, "params": {"bagging_temperature": 0.1, "border_count": 32.0, "depth": 2.0, "l2_leaf_reg": 71.5321648357104, "random_strength": 20.0}, "datetime": {"datetime": "2019-04-07 04:21:55", "elapsed": 6856.198259, "delta": 214.762711}}
{"target": 0.919673933152314, "params": {"bagging_temperature": 0.10000003013496893, "border_count": 67.32088530053223, "depth": 2.000000001842124, "l2_leaf_reg": 31.29895863868213, "random_strength": 0.2676896662721356}, "datetime": {"datetime": "2019-04-07 04:27:14", "elapsed": 7175.079342, "delta": 318.881083}}
{"target": 0.9040675119206923, "params": {"bagging_temperature": 21.1674498890158, "border_count": 32.0, "depth": 5.0, "l2_leaf_reg": 0.5, "random_strength": 0.0}, "datetime": {"datetime": "2019-04-07 04:33:28", "elapsed": 7549.176302, "delta": 374.09696}}
{"target": 0.5041987826417355, "params": {"bagging_temperature": 100.0, "border_count": 32.0, "depth": 5.0, "l2_leaf_reg": 0.5, "random_strength": 0.0}, "datetime": {"datetime": "2019-04-07 04:33:41", "elapsed": 7561.52964, "delta": 12.353338}}
{"target": 0.9207799311485483, "params": {"bagging_temperature": 0.1, "border_count": 106.83868734369337, "depth": 5.0, "l2_leaf_reg": 0.5, "random_strength": 0.0}, "datetime": {"datetime": "2019-04-07 04:37:12", "elapsed": 7772.699593, "delta": 211.169953}}
{"target": 0.9052572167786492, "params": {"bagging_temperature": 8.339925666866177, "border_count": 32.3441772994218, "depth": 2.371750901930465, "l2_leaf_reg": 20.966859069947837, "random_strength": 8.238101989728788}, "datetime": {"datetime": "2019-04-07 04:41:04", "elapsed": 8005.035623, "delta": 232.33603}}
{"target": 0.9208319748597351, "params": {"bagging_temperature": 0.10000000559096157, "border_count": 99.1651545236611, "depth": 5.0, "l2_leaf_reg": 49.91832074853771, "random_strength": 15.638820731842575}, "datetime": {"datetime": "2019-04-07 04:44:38", "elapsed": 8218.775436, "delta": 213.739813}}
{"target": 0.9199641280009822, "params": {"bagging_temperature": 0.11518366255760004, "border_count": 127.62610693329239, "depth": 4.787110827550758, "l2_leaf_reg": 60.32398825391241, "random_strength": 1.1838134339867912}, "datetime": {"datetime": "2019-04-07 04:47:50", "elapsed": 8411.257284, "delta": 192.481848}}
{"target": 0.9147619968082439, "params": {"bagging_temperature": 3.2671866788870543, "border_count": 33.2841717039038, "depth": 4.7114882453999565, "l2_leaf_reg": 74.53420117853194, "random_strength": 1.0639243003426868}, "datetime": {"datetime": "2019-04-07 04:52:27", "elapsed": 8688.343032, "delta": 277.085748}}
{"target": 0.9205582061345765, "params": {"bagging_temperature": 0.4965649047240155, "border_count": 126.30380340029129, "depth": 4.966402728226967, "l2_leaf_reg": 80.56692594684715, "random_strength": 17.206167170495817}, "datetime": {"datetime": "2019-04-07 04:56:06", "elapsed": 8907.062938, "delta": 218.719906}}
{"target": 0.9178316908592494, "params": {"bagging_temperature": 2.441931445227293, "border_count": 32.012979814032654, "depth": 4.965687145143316, "l2_leaf_reg": 47.83936327563633, "random_strength": 19.099301226867038}, "datetime": {"datetime": "2019-04-07 04:59:58", "elapsed": 9138.808157, "delta": 231.745219}}
{"target": 0.9215594253732725, "params": {"bagging_temperature": 0.43505791196334787, "border_count": 78.03523005273951, "depth": 4.937514697332907, "l2_leaf_reg": 84.38870305275165, "random_strength": 10.653162958718461}, "datetime": {"datetime": "2019-04-07 05:04:31", "elapsed": 9412.167004, "delta": 273.358847}}
{"target": 0.9085432987361562, "params": {"bagging_temperature": 8.673561739138233, "border_count": 46.09224009140874, "depth": 4.897027418648877, "l2_leaf_reg": 34.77262795466157, "random_strength": 0.25176052192093845}, "datetime": {"datetime": "2019-04-07 05:10:07", "elapsed": 9747.454778, "delta": 335.287774}}
{"target": 0.9175709468885909, "params": {"bagging_temperature": 2.344020436421908, "border_count": 48.8737426608189, "depth": 2.6287639767634685, "l2_leaf_reg": 51.688529576754796, "random_strength": 11.315121942711446}, "datetime": {"datetime": "2019-04-07 05:14:40", "elapsed": 10020.660653, "delta": 273.205875}}
{"target": 0.9059345869728674, "params": {"bagging_temperature": 15.927828005286969, "border_count": 48.92803212726729, "depth": 4.839917652728153, "l2_leaf_reg": 1.0175573915114844, "random_strength": 18.678140414234118}, "datetime": {"datetime": "2019-04-07 05:20:31", "elapsed": 10372.131004, "delta": 351.470351}}
{"target": 0.9210881560183077, "params": {"bagging_temperature": 0.9322484722932788, "border_count": 72.64027708346832, "depth": 4.998236351333002, "l2_leaf_reg": 27.42709563664993, "random_strength": 19.774664546948287}, "datetime": {"datetime": "2019-04-07 05:24:51", "elapsed": 10631.913328, "delta": 259.782324}}
{"target": 0.9197974609195145, "params": {"bagging_temperature": 0.11645636330562588, "border_count": 92.96382336454128, "depth": 2.220881266821679, "l2_leaf_reg": 42.71944101494232, "random_strength": 0.7825626846532341}, "datetime": {"datetime": "2019-04-07 05:29:58", "elapsed": 10938.589322, "delta": 306.675994}}
{"target": 0.9036806131092081, "params": {"bagging_temperature": 13.840111624702981, "border_count": 53.08612390976435, "depth": 2.1776708776939517, "l2_leaf_reg": 72.66725023223509, "random_strength": 0.1960284489919828}, "datetime": {"datetime": "2019-04-07 05:34:31", "elapsed": 11212.233496, "delta": 273.644174}}
{"target": 0.9201646981589191, "params": {"bagging_temperature": 0.12804961534166573, "border_count": 126.23899879893034, "depth": 4.443717222545873, "l2_leaf_reg": 27.55835401715203, "random_strength": 18.474141846639235}, "datetime": {"datetime": "2019-04-07 05:37:43", "elapsed": 11404.315241, "delta": 192.081745}}
{"target": 0.920396212478821, "params": {"bagging_temperature": 0.5636931452198609, "border_count": 106.1814932020115, "depth": 2.4925311588198236, "l2_leaf_reg": 77.80343645355433, "random_strength": 19.646302401081307}, "datetime": {"datetime": "2019-04-07 05:43:15", "elapsed": 11735.378403, "delta": 331.063162}}
{"target": 0.9202479625661365, "params": {"bagging_temperature": 0.49090652237185717, "border_count": 63.38756868253131, "depth": 2.121987431067575, "l2_leaf_reg": 3.603369495461601, "random_strength": 19.142332327983457}, "datetime": {"datetime": "2019-04-07 05:47:41", "elapsed": 12001.772623, "delta": 266.39422}}
{"target": 0.9156284609966675, "params": {"bagging_temperature": 3.429147366197458, "border_count": 71.88454738216987, "depth": 4.993307073247189, "l2_leaf_reg": 57.41875342480268, "random_strength": 0.9642683289925014}, "datetime": {"datetime": "2019-04-07 05:53:34", "elapsed": 12354.947355, "delta": 353.174732}}
{"target": 0.9137111950115466, "params": {"bagging_temperature": 3.738734220687285, "border_count": 50.08409961797841, "depth": 4.819087733131384, "l2_leaf_reg": 81.7573705822366, "random_strength": 19.457175018722502}, "datetime": {"datetime": "2019-04-07 05:57:35", "elapsed": 12596.307597, "delta": 241.360242}}
{"target": 0.9195515944815967, "params": {"bagging_temperature": 0.1620174759020263, "border_count": 118.69669448274578, "depth": 2.217801354543332, "l2_leaf_reg": 23.831977165317742, "random_strength": 0.661807185967529}, "datetime": {"datetime": "2019-04-07 06:02:16", "elapsed": 12877.222569, "delta": 280.914972}}
{"target": 0.9082952476791187, "params": {"bagging_temperature": 14.001524871286717, "border_count": 100.29541067910202, "depth": 4.3781924199351305, "l2_leaf_reg": 1.1781231912695949, "random_strength": 15.739463321184886}, "datetime": {"datetime": "2019-04-07 06:09:25", "elapsed": 13305.563291, "delta": 428.340722}}
{"target": 0.9055035533244787, "params": {"bagging_temperature": 12.448812865073132, "border_count": 57.998168166879836, "depth": 3.0750125931188457, "l2_leaf_reg": 39.030908428519105, "random_strength": 19.77427556533941}, "datetime": {"datetime": "2019-04-07 06:13:40", "elapsed": 13560.639973, "delta": 255.076682}}
{"target": 0.920503369429325, "params": {"bagging_temperature": 0.1211415546671751, "border_count": 110.13083587329297, "depth": 4.342257099251489, "l2_leaf_reg": 4.707279321416971, "random_strength": 12.873207560156203}, "datetime": {"datetime": "2019-04-07 06:17:04", "elapsed": 13764.79748, "delta": 204.157507}}
{"target": 0.9198472923581746, "params": {"bagging_temperature": 0.10692436199329625, "border_count": 122.85488790260871, "depth": 2.3944232248936017, "l2_leaf_reg": 87.52437659886942, "random_strength": 3.1497022482333814}, "datetime": {"datetime": "2019-04-07 06:22:45", "elapsed": 14105.422052, "delta": 340.624572}}
{"target": 0.9201187381971806, "params": {"bagging_temperature": 0.25942507505081114, "border_count": 59.321539754854356, "depth": 2.0, "l2_leaf_reg": 87.14495532369732, "random_strength": 7.05987440760587}, "datetime": {"datetime": "2019-04-07 06:27:40", "elapsed": 14400.990103, "delta": 295.568051}}
{"target": 0.9082156058681634, "params": {"bagging_temperature": 13.630368480397724, "border_count": 83.63591939219387, "depth": 4.832639953517192, "l2_leaf_reg": 1.9488741718796343, "random_strength": 2.7317523137548494}, "datetime": {"datetime": "2019-04-07 06:34:58", "elapsed": 14838.437919, "delta": 437.447816}}
{"target": 0.9205470341583173, "params": {"bagging_temperature": 0.562323961058936, "border_count": 49.19599607646235, "depth": 4.8466544816378025, "l2_leaf_reg": 3.7820814147681783, "random_strength": 13.871111090500872}, "datetime": {"datetime": "2019-04-07 06:38:34", "elapsed": 15054.661997, "delta": 216.224078}}
{"target": 0.920401494279478, "params": {"bagging_temperature": 0.11353380390853078, "border_count": 120.13628889660754, "depth": 3.8175968865085603, "l2_leaf_reg": 43.02264076952434, "random_strength": 9.77717285770491}, "datetime": {"datetime": "2019-04-07 06:42:40", "elapsed": 15300.712456, "delta": 246.050459}}
{"target": 0.9107649181141151, "params": {"bagging_temperature": 6.01278448304549, "border_count": 68.73596902233409, "depth": 4.903144083191415, "l2_leaf_reg": 12.644931287581048, "random_strength": 14.828746209207864}, "datetime": {"datetime": "2019-04-07 06:49:22", "elapsed": 15703.105358, "delta": 402.392902}}
{"target": 0.9085596695528528, "params": {"bagging_temperature": 13.395613441510413, "border_count": 126.47403198638702, "depth": 4.2033768669482106, "l2_leaf_reg": 1.032810921062318, "random_strength": 4.307906354913471}, "datetime": {"datetime": "2019-04-07 06:56:36", "elapsed": 16137.295692, "delta": 434.190334}}
{"target": 0.9143608841457765, "params": {"bagging_temperature": 3.463665453176208, "border_count": 88.99824216934906, "depth": 2.0463077266246588, "l2_leaf_reg": 0.9117541880807476, "random_strength": 9.03309023232377}, "datetime": {"datetime": "2019-04-07 07:02:29", "elapsed": 16489.938969, "delta": 352.643277}}
{"target": 0.9050912410323458, "params": {"bagging_temperature": 7.859624309608465, "border_count": 32.030812770617, "depth": 2.0000002446460368, "l2_leaf_reg": 0.5640354758015959, "random_strength": 7.978453612192358}, "datetime": {"datetime": "2019-04-07 07:06:28", "elapsed": 16728.853828, "delta": 238.914859}}
{"target": 0.9202969644025993, "params": {"bagging_temperature": 0.1623156752016086, "border_count": 83.45588843276627, "depth": 2.132994636202016, "l2_leaf_reg": 98.00277570055198, "random_strength": 14.583435420666715}, "datetime": {"datetime": "2019-04-07 07:12:15", "elapsed": 17075.563909, "delta": 346.710081}}
{"target": 0.9204687197108781, "params": {"bagging_temperature": 1.0257839704866516, "border_count": 79.53945232613225, "depth": 2.385638357985869, "l2_leaf_reg": 88.32886576409285, "random_strength": 0.8669608168676568}, "datetime": {"datetime": "2019-04-07 07:18:04", "elapsed": 17424.571462, "delta": 349.007553}}
{"target": 0.9210092608493301, "params": {"bagging_temperature": 0.34996534225484816, "border_count": 105.92101043324766, "depth": 4.963275669208664, "l2_leaf_reg": 83.4110562665708, "random_strength": 3.26185159065991}, "datetime": {"datetime": "2019-04-07 07:21:44", "elapsed": 17645.259604, "delta": 220.688142}}
{"target": 0.9203871145080554, "params": {"bagging_temperature": 0.5464020181755614, "border_count": 47.78544183919128, "depth": 4.897935444615983, "l2_leaf_reg": 98.56338722574066, "random_strength": 7.575779299216796}, "datetime": {"datetime": "2019-04-07 07:25:04", "elapsed": 17844.449166, "delta": 199.189562}}
