{"target": 0.9236121917236839, "params": {"bagging_temperature": 1.0, "border_count": 128.0, "depth": 2.0, "l2_leaf_reg": 3.0, "random_strength": 1.0, "subsample": 0.3}, "datetime": {"datetime": "2019-04-09 19:38:33", "elapsed": 0.0, "delta": 0.0}}
{"target": 0.922967140946218, "params": {"bagging_temperature": 37.516557872851514, "border_count": 123.26857341535195, "depth": 2.46398788362281, "l2_leaf_reg": 60.066519177605144, "random_strength": 3.1203728088487304, "subsample": 0.32479561626896214}, "datetime": {"datetime": "2019-04-09 19:39:15", "elapsed": 42.859068, "delta": 42.859068}}
{"target": 0.9235471277177778, "params": {"bagging_temperature": 5.902552855603126, "border_count": 115.15290999439378, "depth": 2.2022300234864174, "l2_leaf_reg": 70.95322149070653, "random_strength": 0.41168988591604894, "subsample": 0.9759278817295955}, "datetime": {"datetime": "2019-04-09 19:40:01", "elapsed": 88.184206, "delta": 45.325138}}
{"target": 0.9236399891966258, "params": {"bagging_temperature": 83.26101981596213, "border_count": 52.38455462511451, "depth": 1.3636499344142012, "l2_leaf_reg": 18.748748730416665, "random_strength": 6.0848448591907545, "subsample": 0.6198051453057902}, "datetime": {"datetime": "2019-04-09 19:40:42", "elapsed": 129.184034, "delta": 40.999828}}
{"target": 0.9230285108930598, "params": {"bagging_temperature": 43.25130736234737, "border_count": 59.95799745901202, "depth": 2.223705789444759, "l2_leaf_reg": 14.379639134878163, "random_strength": 5.842892970704363, "subsample": 0.4930894746349534}, "datetime": {"datetime": "2019-04-09 19:41:14", "elapsed": 161.313819, "delta": 32.129785}}
{"target": 0.9238913128518477, "params": {"bagging_temperature": 45.66139142328189, "border_count": 107.3768922937293, "depth": 1.3993475643167195, "l2_leaf_reg": 51.66632662215436, "random_strength": 11.84829137724085, "subsample": 0.2371603301759982}, "datetime": {"datetime": "2019-04-09 19:41:58", "elapsed": 205.520158, "delta": 44.206339}}
{"target": 0.9238561690234334, "params": {"bagging_temperature": 0.74311371214978, "border_count": 32.884777911433304, "depth": 2.092134423839199, "l2_leaf_reg": 98.590470770629, "random_strength": 10.765371264106644, "subsample": 0.6836479774659265}, "datetime": {"datetime": "2019-04-09 19:43:00", "elapsed": 267.012609, "delta": 61.492451}}
{"target": 0.9244954259929173, "params": {"bagging_temperature": 99.92801872301433, "border_count": 127.8329654688948, "depth": 2.8323033190261375, "l2_leaf_reg": 96.11090835638346, "random_strength": 19.390776571363247, "subsample": 0.46121847904966007}, "datetime": {"datetime": "2019-04-09 19:44:30", "elapsed": 357.014012, "delta": 90.001403}}
{"target": 0.9237542786518973, "params": {"bagging_temperature": 98.75100818683217, "border_count": 32.88885779665858, "depth": 1.7255061831415934, "l2_leaf_reg": 99.15268060152377, "random_strength": 4.365774745539572, "subsample": 0.7530660513806313}, "datetime": {"datetime": "2019-04-09 19:45:12", "elapsed": 399.471334, "delta": 42.457322}}
{"target": 0.9242448869778008, "params": {"bagging_temperature": 98.55845644854298, "border_count": 127.74898202271639, "depth": 2.4554661158527518, "l2_leaf_reg": 97.2827246545171, "random_strength": 2.0181955580595634, "subsample": 0.8598550354055219}, "datetime": {"datetime": "2019-04-09 19:45:57", "elapsed": 444.119195, "delta": 44.647861}}
{"target": 0.9238447942310724, "params": {"bagging_temperature": 97.31135462388058, "border_count": 126.92188552913686, "depth": 2.3153254714898726, "l2_leaf_reg": 0.7960997797820897, "random_strength": 19.01474809188427, "subsample": 0.7364507747435318}, "datetime": {"datetime": "2019-04-09 19:47:01", "elapsed": 508.838119, "delta": 64.718924}}
{"target": 0.9238665133015073, "params": {"bagging_temperature": 98.84048040755135, "border_count": 33.22122121354796, "depth": 1.938627424567179, "l2_leaf_reg": 95.8731891708015, "random_strength": 17.51503592367826, "subsample": 0.6567043437259735}, "datetime": {"datetime": "2019-04-09 19:47:48", "elapsed": 555.558267, "delta": 46.720148}}
{"target": 0.9237381888279841, "params": {"bagging_temperature": 98.70318931901792, "border_count": 126.99740172549306, "depth": 1.9515165171167361, "l2_leaf_reg": 99.2531072237909, "random_strength": 19.552824106347227, "subsample": 0.455447303404421}, "datetime": {"datetime": "2019-04-09 19:48:34", "elapsed": 601.575406, "delta": 46.017139}}
{"target": 0.9239151701149697, "params": {"bagging_temperature": 98.73632830681257, "border_count": 32.17832850150935, "depth": 1.6696644997934917, "l2_leaf_reg": 2.2354347324361257, "random_strength": 14.637438618042857, "subsample": 0.9358566723424502}, "datetime": {"datetime": "2019-04-09 19:49:18", "elapsed": 645.431578, "delta": 43.856172}}
{"target": 0.9240814116232292, "params": {"bagging_temperature": 3.81268127340804, "border_count": 34.43094393063441, "depth": 1.869628278798041, "l2_leaf_reg": 97.57394932502598, "random_strength": 19.425539229657712, "subsample": 0.7153505903445245}, "datetime": {"datetime": "2019-04-09 19:50:18", "elapsed": 704.978017, "delta": 59.546439}}
{"target": 0.9239594407432263, "params": {"bagging_temperature": 99.72444114185252, "border_count": 33.405390256937444, "depth": 2.2941572772652847, "l2_leaf_reg": 98.40771238737027, "random_strength": 0.8388171612762152, "subsample": 0.8292735341609629}, "datetime": {"datetime": "2019-04-09 19:51:08", "elapsed": 755.744581, "delta": 50.766564}}
